
[20260508 16:17:05] Cron Started
[20260508 16:17:05] CutOff: 20260508 16:16:55

Warning: SQLite3::prepare(): Unable to prepare statement: 1, near "FROM": syntax error in F:\soft\_Marvin\www\marvin\cron.php on line 147

Call Stack:
    0.0004     175488   1. {main}() F:\soft\_Marvin\www\marvin\cron.php:0
    0.0027     178184   2. SQLite3->prepare() F:\soft\_Marvin\www\marvin\cron.php:147


Fatal error: Call to a member function bindValue() on boolean in F:\soft\_Marvin\www\marvin\cron.php on line 148

Call Stack:
    0.0004     175488   1. {main}() F:\soft\_Marvin\www\marvin\cron.php:0

[20260508 16:18:41] Cron Started
[20260508 16:18:41] CutOff: 20260508 16:18:31

Warning: SQLite3Stmt::close(): The SQLite3 object has not been correctly initialised in F:\soft\_Marvin\www\marvin\cron.php on line 202

Call Stack:
    0.0004     175488   1. {main}() F:\soft\_Marvin\www\marvin\cron.php:0
    0.0060     182464   2. SQLite3Stmt->close() F:\soft\_Marvin\www\marvin\cron.php:202

[20260508 16:19:11] Cron Started
[20260508 16:19:11] CutOff: 20260508 16:19:01
[20260508 16:28:40] Cron Started
[20260508 16:28:40] CutOff: 20260508 16:28:30
[20260508 16:28:50] CutOff: 20260508 16:28:40
[20260508 16:29:00] CutOff: 20260508 16:28:50
[20260508 16:29:10] CutOff: 20260508 16:29:00
[20260508 16:29:20] CutOff: 20260508 16:29:10
DELETE FROM AssetsChanges WHERE changeId IN (87,)
Warning: SQLite3::exec(): near ")": syntax error in F:\soft\_Marvin\www\marvin\cron.php on line 206

Call Stack:
    0.0004     176568   1. {main}() F:\soft\_Marvin\www\marvin\cron.php:0
   40.0377     184504   2. SQLite3->exec() F:\soft\_Marvin\www\marvin\cron.php:206

[20260508 16:29:30] CutOff: 20260508 16:29:20
DELETE FROM AssetsChanges WHERE changeId IN (87,)
Warning: SQLite3::exec(): near ")": syntax error in F:\soft\_Marvin\www\marvin\cron.php on line 206

Call Stack:
    0.0004     176568   1. {main}() F:\soft\_Marvin\www\marvin\cron.php:0
   50.0597     184648   2. SQLite3->exec() F:\soft\_Marvin\www\marvin\cron.php:206

[20260508 16:29:40] CutOff: 20260508 16:29:30
DELETE FROM AssetsChanges WHERE changeId IN (87,)
Warning: SQLite3::exec(): near ")": syntax error in F:\soft\_Marvin\www\marvin\cron.php on line 206

Call Stack:
    0.0004     176568   1. {main}() F:\soft\_Marvin\www\marvin\cron.php:0
   60.0691     184648   2. SQLite3->exec() F:\soft\_Marvin\www\marvin\cron.php:206

[20260508 16:29:50] CutOff: 20260508 16:29:40
DELETE FROM AssetsChanges WHERE changeId IN (87,)
Warning: SQLite3::exec(): near ")": syntax error in F:\soft\_Marvin\www\marvin\cron.php on line 206

Call Stack:
    0.0004     176568   1. {main}() F:\soft\_Marvin\www\marvin\cron.php:0
   70.0885     184648   2. SQLite3->exec() F:\soft\_Marvin\www\marvin\cron.php:206

[20260508 16:30:00] CutOff: 20260508 16:29:50
DELETE FROM AssetsChanges WHERE changeId IN (87,)
Warning: SQLite3::exec(): near ")": syntax error in F:\soft\_Marvin\www\marvin\cron.php on line 206

Call Stack:
    0.0004     176568   1. {main}() F:\soft\_Marvin\www\marvin\cron.php:0
   80.1158     184648   2. SQLite3->exec() F:\soft\_Marvin\www\marvin\cron.php:206

[20260508 16:30:10] CutOff: 20260508 16:30:00
DELETE FROM AssetsChanges WHERE changeId IN (87,)
Warning: SQLite3::exec(): near ")": syntax error in F:\soft\_Marvin\www\marvin\cron.php on line 206

Call Stack:
    0.0004     176568   1. {main}() F:\soft\_Marvin\www\marvin\cron.php:0
   90.1276     184648   2. SQLite3->exec() F:\soft\_Marvin\www\marvin\cron.php:206

[20260508 16:30:20] CutOff: 20260508 16:30:10
DELETE FROM AssetsChanges WHERE changeId IN (87,)
Warning: SQLite3::exec(): near ")": syntax error in F:\soft\_Marvin\www\marvin\cron.php on line 206

Call Stack:
    0.0004     176568   1. {main}() F:\soft\_Marvin\www\marvin\cron.php:0
  100.1489     184648   2. SQLite3->exec() F:\soft\_Marvin\www\marvin\cron.php:206

[20260508 16:30:30] CutOff: 20260508 16:30:20
DELETE FROM AssetsChanges WHERE changeId IN (87,)
Warning: SQLite3::exec(): near ")": syntax error in F:\soft\_Marvin\www\marvin\cron.php on line 206

Call Stack:
    0.0004     176568   1. {main}() F:\soft\_Marvin\www\marvin\cron.php:0
  110.1601     184648   2. SQLite3->exec() F:\soft\_Marvin\www\marvin\cron.php:206

[20260508 16:30:40] CutOff: 20260508 16:30:30
DELETE FROM AssetsChanges WHERE changeId IN (87,)
Warning: SQLite3::exec(): near ")": syntax error in F:\soft\_Marvin\www\marvin\cron.php on line 206

Call Stack:
    0.0004     176568   1. {main}() F:\soft\_Marvin\www\marvin\cron.php:0
  120.1772     184648   2. SQLite3->exec() F:\soft\_Marvin\www\marvin\cron.php:206

[20260508 16:30:50] CutOff: 20260508 16:30:40
DELETE FROM AssetsChanges WHERE changeId IN (87,)
Warning: SQLite3::exec(): near ")": syntax error in F:\soft\_Marvin\www\marvin\cron.php on line 206

Call Stack:
    0.0004     176568   1. {main}() F:\soft\_Marvin\www\marvin\cron.php:0
  130.1838     184648   2. SQLite3->exec() F:\soft\_Marvin\www\marvin\cron.php:206

[20260508 16:31:00] CutOff: 20260508 16:30:50
DELETE FROM AssetsChanges WHERE changeId IN (87,)
Warning: SQLite3::exec(): near ")": syntax error in F:\soft\_Marvin\www\marvin\cron.php on line 206

Call Stack:
    0.0004     176568   1. {main}() F:\soft\_Marvin\www\marvin\cron.php:0
  140.2039     184648   2. SQLite3->exec() F:\soft\_Marvin\www\marvin\cron.php:206

[20260508 16:33:04] Cron Started
[20260508 16:33:04] CutOff: 20260508 16:32:54
[20260508 16:33:14] CutOff: 20260508 16:33:04
[20260508 16:33:24] CutOff: 20260508 16:33:14
DELETE FROM AssetsChanges WHERE changeId IN (88)[20260508 16:33:24] About to close
[20260508 16:33:54] CutOff: 20260508 16:33:44
DELETE FROM AssetsChanges WHERE changeId IN (89)[20260508 16:33:54] About to close
[20260508 16:34:24] Cron complete
[20260508 16:35:27] Cron Started
[20260508 16:35:27] CutOff: 20260508 16:35:17
[20260508 16:35:37] CutOff: 20260508 16:35:27
[20260508 16:35:47] CutOff: 20260508 16:35:37
DELETE FROM AssetsChanges WHERE changeId IN (90)[20260508 16:35:47] About to close
[20260508 16:36:17] CutOff: 20260508 16:36:07
[20260508 16:36:17] Created task #37 
[20260508 16:36:17] About to close
[20260508 16:36:47] CutOff: 20260508 16:36:37
[20260508 16:36:57] CutOff: 20260508 16:36:47
DELETE FROM AssetsChanges WHERE changeId IN (92)[20260508 16:36:57] About to close
[20260508 16:37:27] Cron complete
[20260508 16:51:31] Cron Started
[20260508 16:51:31] CutOff: 20260508 16:51:21
[20260508 16:51:41] CutOff: 20260508 16:51:31
[20260508 16:51:51] CutOff: 20260508 16:51:41
DELETE FROM AssetsChanges WHERE changeId IN (93)[20260508 16:51:51] About to close
[20260508 16:52:21] Cron complete
[20260508 16:56:22] Cron Started
[20260508 16:56:22] CutOff: 20260508 16:56:12
[20260508 16:56:33] CutOff: 20260508 16:56:23
DELETE FROM AssetsChanges WHERE changeId IN (94)[20260508 16:56:33] About to close
[20260508 16:57:03] Cron complete
[20260508 17:01:00] Cron Started
[20260508 17:01:00] CutOff: 20260508 17:00:50
[20260508 17:01:10] CutOff: 20260508 17:01:00
[20260508 17:01:20] CutOff: 20260508 17:01:10
[20260508 17:01:30] CutOff: 20260508 17:01:20
[20260508 17:01:40] CutOff: 20260508 17:01:30
[20260508 17:01:40] Created task #38 
[20260508 17:01:40] About to close
[20260508 17:02:10] CutOff: 20260508 17:02:00
[20260508 17:02:20] CutOff: 20260508 17:02:10
[20260508 17:02:30] CutOff: 20260508 17:02:20
[20260508 17:02:40] CutOff: 20260508 17:02:30
[20260508 17:02:50] CutOff: 20260508 17:02:40
[20260508 17:02:50] Created task #39 
[20260508 17:02:50] About to close
[20260508 17:03:20] Cron complete
[20260508 17:03:37] Cron Started
[20260508 17:03:37] CutOff: 20260508 17:03:27
[20260508 17:03:47] CutOff: 20260508 17:03:37
[20260508 17:03:57] CutOff: 20260508 17:03:47
[20260508 17:03:57] Created task #40 
[20260508 17:03:57] About to close
[20260508 17:04:27] Cron complete
[20260508 17:06:08] Cron Started
[20260508 17:06:08] CutOff: 20260508 17:05:58
[20260508 17:06:18] CutOff: 20260508 17:06:08
[20260508 17:06:28] CutOff: 20260508 17:06:18
[20260508 17:06:28] Created task #41 
[20260508 17:06:28] About to close
[20260508 17:06:58] Cron complete
[20260508 17:07:02] Cron Started
[20260508 17:07:02] CutOff: 20260508 17:06:52
[20260508 17:07:12] CutOff: 20260508 17:07:02
[20260508 17:07:22] CutOff: 20260508 17:07:12
[20260508 17:07:22] Created task #42 
[20260508 17:07:22] About to close
[20260508 17:07:52] CutOff: 20260508 17:07:42
[20260508 17:08:02] CutOff: 20260508 17:07:52
DELETE FROM AssetsChanges WHERE changeId IN (100)[20260508 17:08:02] About to close
[20260508 17:08:32] Cron complete
[20260508 17:09:14] Cron Started
[20260508 17:09:14] CutOff: 20260508 17:09:04
[20260508 17:09:24] CutOff: 20260508 17:09:14
[20260508 17:09:34] CutOff: 20260508 17:09:24
[20260508 17:09:34] Created task #43 
[20260508 17:09:34] About to close
[20260508 17:10:04] Cron complete
[20260508 17:10:38] Cron Started
[20260508 17:10:38] CutOff: 20260508 17:10:28
[20260508 17:10:48] CutOff: 20260508 17:10:38
[20260508 17:10:58] CutOff: 20260508 17:10:48
[20260508 17:11:08] CutOff: 20260508 17:10:58
[20260508 17:11:18] CutOff: 20260508 17:11:08
[20260508 17:11:28] CutOff: 20260508 17:11:18
[20260508 17:11:38] CutOff: 20260508 17:11:28
[20260508 17:11:48] CutOff: 20260508 17:11:38
[20260508 17:11:58] CutOff: 20260508 17:11:48
[20260508 17:12:08] CutOff: 20260508 17:11:58
[20260508 17:12:18] CutOff: 20260508 17:12:08
[20260508 17:12:28] CutOff: 20260508 17:12:18
[20260508 17:12:38] CutOff: 20260508 17:12:28
[20260508 17:12:48] CutOff: 20260508 17:12:38
[20260508 17:12:58] CutOff: 20260508 17:12:48
[20260508 17:13:08] CutOff: 20260508 17:12:58
[20260508 17:13:18] CutOff: 20260508 17:13:08
[20260508 17:13:28] CutOff: 20260508 17:13:18
[20260508 17:13:38] CutOff: 20260508 17:13:28
[20260508 17:13:48] CutOff: 20260508 17:13:38
[20260508 17:13:58] CutOff: 20260508 17:13:48
DELETE FROM AssetsChanges WHERE changeId IN (102)[20260508 17:13:58] About to close
[20260508 17:14:28] Cron complete
[20260508 17:18:24] Cron Started
[20260508 17:18:24] CutOff: 20260508 17:18:14
[20260508 17:18:34] CutOff: 20260508 17:18:24
[20260508 17:18:44] CutOff: 20260508 17:18:34
[20260508 17:18:54] CutOff: 20260508 17:18:44
[20260508 17:19:04] CutOff: 20260508 17:18:54
DELETE FROM AssetsChanges WHERE changeId IN (103)[20260508 17:19:04] About to close
[20260508 17:19:34] CutOff: 20260508 17:19:24
DELETE FROM AssetsChanges WHERE changeId IN (104)[20260508 17:19:34] About to close
[20260508 17:20:04] Cron complete
[20260508 17:21:28] Cron Started
[20260508 17:21:28] CutOff: 20260508 17:21:18
[20260508 17:21:38] CutOff: 20260508 17:21:28
[20260508 17:21:48] CutOff: 20260508 17:21:38
[20260508 17:21:58] CutOff: 20260508 17:21:48
DELETE FROM AssetsChanges WHERE changeId IN (105)[20260508 17:21:58] About to close
[20260508 17:22:28] Cron complete
[20260508 17:23:21] Cron Started
[20260508 17:23:21] CutOff: 20260508 17:23:11
[20260508 17:23:31] CutOff: 20260508 17:23:21
[20260508 17:23:41] CutOff: 20260508 17:23:31
[20260508 17:23:51] CutOff: 20260508 17:23:41
DELETE FROM AssetsChanges WHERE changeId IN (106)[20260508 17:23:51] About to close
[20260508 17:24:21] CutOff: 20260508 17:24:11
DELETE FROM AssetsChanges WHERE changeId IN (107)[20260508 17:24:21] About to close
[20260508 17:24:51] Cron complete
[20260508 17:27:38] Cron Started
[20260508 17:27:38] CutOff: 20260508 17:27:28
[20260508 17:27:48] CutOff: 20260508 17:27:38
[20260508 17:27:58] CutOff: 20260508 17:27:48
[20260508 17:27:58] Created task #44 
[20260508 17:27:58] About to close
[20260508 17:28:28] Cron complete
[20260508 17:30:33] Cron Started
[20260508 17:30:33] CutOff: 20260508 17:30:23
[20260508 17:30:43] CutOff: 20260508 17:30:33
[20260508 17:30:53] CutOff: 20260508 17:30:43
[20260508 17:31:03] CutOff: 20260508 17:30:53
[20260508 17:31:03] Created task #45 
[20260508 17:31:03] About to close
[20260508 17:31:33] Cron complete
[20260508 17:33:48] Cron Started
[20260508 17:33:48] CutOff: 20260508 17:33:38
[20260508 17:33:58] CutOff: 20260508 17:33:48
[20260508 17:34:08] CutOff: 20260508 17:33:58
[20260508 17:34:18] CutOff: 20260508 17:34:08
DELETE FROM AssetsChanges WHERE changeId IN (110)[20260508 17:34:18] About to close
[20260508 17:34:48] CutOff: 20260508 17:34:38
[20260508 17:34:58] CutOff: 20260508 17:34:48
[20260508 17:35:08] CutOff: 20260508 17:34:58
[20260508 17:35:19] CutOff: 20260508 17:35:09
[20260508 17:35:29] CutOff: 20260508 17:35:19
DELETE FROM AssetsChanges WHERE changeId IN (111)[20260508 17:35:29] About to close
[20260508 17:35:59] Cron complete
[20260508 17:36:05] Cron Started
[20260508 17:36:05] CutOff: 20260508 17:35:55
[20260508 17:36:15] CutOff: 20260508 17:36:05
[20260508 17:36:25] CutOff: 20260508 17:36:15
[20260508 17:36:35] CutOff: 20260508 17:36:25
[20260508 17:36:45] CutOff: 20260508 17:36:35
DELETE FROM AssetsChanges WHERE changeId IN (112)[20260508 17:36:45] About to close
[20260508 17:37:15] CutOff: 20260508 17:37:05
[20260508 17:37:25] CutOff: 20260508 17:37:15
[20260508 17:37:35] CutOff: 20260508 17:37:25
[20260508 17:37:45] CutOff: 20260508 17:37:35
[20260508 17:37:55] CutOff: 20260508 17:37:45
[20260508 17:38:05] CutOff: 20260508 17:37:55
[20260508 17:38:05] Created task #46 
[20260508 17:38:05] About to close
[20260508 17:38:35] CutOff: 20260508 17:38:25
[20260508 17:38:45] CutOff: 20260508 17:38:35
[20260508 17:38:55] CutOff: 20260508 17:38:45
DELETE FROM AssetsChanges WHERE changeId IN (114)[20260508 17:38:55] About to close
[20260508 17:39:25] CutOff: 20260508 17:39:15
DELETE FROM AssetsChanges WHERE changeId IN (115)[20260508 17:39:25] About to close
[20260508 17:39:55] CutOff: 20260508 17:39:45
[20260508 17:40:05] CutOff: 20260508 17:39:55
[20260508 17:40:05] Created task #47 
[20260508 17:40:05] About to close
[20260508 17:40:35] CutOff: 20260508 17:40:25
[20260508 17:40:45] CutOff: 20260508 17:40:35
[20260508 17:40:55] CutOff: 20260508 17:40:45
DELETE FROM AssetsChanges WHERE changeId IN (117)[20260508 17:40:55] About to close
[20260508 17:41:25] Cron complete
[20260508 17:41:44] Cron Started
[20260508 17:41:44] CutOff: 20260508 17:41:34
[20260508 17:41:54] CutOff: 20260508 17:41:44
[20260508 17:42:04] CutOff: 20260508 17:41:54
DELETE FROM AssetsChanges WHERE changeId IN (118)[20260508 17:42:04] About to close
[20260508 17:42:34] CutOff: 20260508 17:42:24
DELETE FROM AssetsChanges WHERE changeId IN (119)[20260508 17:42:34] About to close
[20260508 17:43:04] CutOff: 20260508 17:42:54
[20260508 17:43:14] CutOff: 20260508 17:43:04
DELETE FROM AssetsChanges WHERE changeId IN (120)[20260508 17:43:14] About to close
[20260508 17:43:44] Cron complete
[20260508 17:44:12] Cron Started
[20260508 17:44:12] CutOff: 20260508 17:44:02
[20260508 17:44:22] CutOff: 20260508 17:44:12
[20260508 17:44:32] CutOff: 20260508 17:44:22
DELETE FROM AssetsChanges WHERE changeId IN (121)[20260508 17:44:32] About to close
[20260508 17:45:02] Cron complete
[20260508 17:45:20] Cron Started
[20260508 17:45:20] CutOff: 20260508 17:45:10
[20260508 17:45:30] CutOff: 20260508 17:45:20
[20260508 17:45:40] CutOff: 20260508 17:45:30
DELETE FROM AssetsChanges WHERE changeId IN (122)[20260508 17:45:40] About to close
[20260508 17:46:10] Cron complete
[20260508 17:48:52] Cron Started
[20260508 17:48:52] CutOff: 20260508 17:48:42
[20260508 17:49:02] CutOff: 20260508 17:48:52
[20260508 17:49:12] CutOff: 20260508 17:49:02
DELETE FROM AssetsChanges WHERE changeId IN (123)[20260508 17:49:12] About to close
[20260508 17:49:42] Cron complete
[20260508 17:53:38] Cron Started
[20260508 17:53:38] CutOff: 20260508 17:53:28
[20260508 17:53:48] CutOff: 20260508 17:53:38
[20260508 17:53:58] CutOff: 20260508 17:53:48
[20260508 17:53:58] Created task #48 
[20260508 17:53:58] About to close
[20260508 17:54:28] CutOff: 20260508 17:54:18
[20260508 17:54:28] Created task #49 
[20260508 17:54:28] About to close
[20260508 17:54:58] CutOff: 20260508 17:54:48
[20260508 17:55:08] CutOff: 20260508 17:54:58
[20260508 17:55:18] CutOff: 20260508 17:55:08
[20260508 17:55:18] Created task #50 
[20260508 17:55:28] CutOff: 20260508 17:55:18
[20260508 17:55:28] Created task #51 
[20260508 17:55:38] CutOff: 20260508 17:55:28
[20260508 17:55:38] Created task #52 
[20260508 17:55:38] Created task #53 
[20260508 17:55:48] CutOff: 20260508 17:55:38
[20260508 17:55:48] Created task #54 
[20260508 17:55:58] CutOff: 20260508 17:55:48
[20260508 17:55:58] Created task #55 
[20260508 17:56:08] CutOff: 20260508 17:55:58
[20260508 17:56:08] Created task #56 
[20260508 17:56:18] CutOff: 20260508 17:56:08
[20260508 17:56:18] Created task #57 
[20260508 17:56:28] CutOff: 20260508 17:56:18
[20260508 17:56:28] Created task #58 
[20260508 17:56:38] CutOff: 20260508 17:56:28
[20260508 17:56:38] Created task #59 
[20260508 17:56:48] CutOff: 20260508 17:56:38
[20260508 17:56:48] Created task #60 
[20260508 17:56:58] CutOff: 20260508 17:56:48
[20260508 17:56:58] Created task #61 
[20260508 17:57:08] CutOff: 20260508 17:56:58
[20260508 17:57:08] Created task #62 
[20260508 17:57:18] CutOff: 20260508 17:57:08
[20260508 17:57:18] Created task #63 
[20260508 17:57:28] CutOff: 20260508 17:57:18
[20260508 17:57:28] Created task #64 
[20260508 17:57:38] CutOff: 20260508 17:57:28
[20260508 17:57:38] Created task #65 
[20260508 17:57:48] CutOff: 20260508 17:57:38
[20260508 17:57:48] Created task #66 
[20260508 17:57:58] CutOff: 20260508 17:57:48
[20260508 17:57:58] Created task #67 
[20260508 17:58:08] CutOff: 20260508 17:57:58
[20260508 17:58:08] Created task #68 
[20260508 17:58:18] CutOff: 20260508 17:58:08
[20260508 17:58:18] Created task #69 
[20260508 17:58:28] CutOff: 20260508 17:58:18
[20260508 17:58:28] Created task #70 
[20260508 17:58:38] CutOff: 20260508 17:58:28
[20260508 17:58:38] Created task #71 
[20260508 17:58:48] CutOff: 20260508 17:58:38
[20260508 17:58:48] Created task #72 
[20260508 17:58:58] CutOff: 20260508 17:58:48
[20260508 17:58:58] Created task #73 
[20260508 17:59:08] CutOff: 20260508 17:58:58
[20260508 17:59:08] Created task #74 
[20260508 17:59:18] CutOff: 20260508 17:59:08
[20260508 17:59:18] Created task #75 
[20260508 17:59:28] CutOff: 20260508 17:59:18
[20260508 17:59:28] Created task #76 
[20260508 17:59:38] CutOff: 20260508 17:59:28
[20260508 17:59:38] Created task #77 
[20260508 17:59:48] CutOff: 20260508 17:59:38
[20260508 17:59:48] Created task #78 
[20260508 17:59:58] CutOff: 20260508 17:59:48
[20260508 17:59:58] Created task #79 
[20260508 18:00:08] CutOff: 20260508 17:59:58
[20260508 18:00:08] Created task #80 
[20260508 18:00:18] CutOff: 20260508 18:00:08
[20260508 18:00:18] Created task #81 
[20260508 18:00:28] CutOff: 20260508 18:00:18
[20260508 18:00:28] Created task #82 
[20260508 18:00:38] CutOff: 20260508 18:00:28
[20260508 18:00:38] Created task #83 
[20260508 18:00:48] CutOff: 20260508 18:00:38
[20260508 18:00:48] Created task #84 
[20260508 18:00:58] CutOff: 20260508 18:00:48
[20260508 18:00:58] Created task #85 
[20260508 18:01:08] CutOff: 20260508 18:00:58
[20260508 18:01:08] Created task #86 
[20260508 18:01:18] CutOff: 20260508 18:01:08
[20260508 18:01:18] Created task #87 
[20260508 18:01:28] CutOff: 20260508 18:01:18
[20260508 18:01:28] Created task #88 
[20260508 18:01:38] CutOff: 20260508 18:01:28
[20260508 18:01:38] Created task #89 
[20260508 18:01:48] CutOff: 20260508 18:01:38
[20260508 18:01:48] Created task #90 
[20260508 18:01:58] CutOff: 20260508 18:01:48
[20260508 18:01:58] Created task #91 
[20260508 18:02:08] CutOff: 20260508 18:01:58
[20260508 18:02:08] Created task #92 
[20260508 18:02:18] CutOff: 20260508 18:02:08
[20260508 18:02:18] Created task #93 
[20260508 18:02:29] CutOff: 20260508 18:02:19
[20260508 18:02:29] Created task #94 
[20260508 18:02:39] CutOff: 20260508 18:02:29
[20260508 18:02:39] Created task #95 
[20260508 18:02:49] CutOff: 20260508 18:02:39
[20260508 18:02:49] Created task #96 
[20260508 18:02:59] CutOff: 20260508 18:02:49
[20260508 18:02:59] Created task #97 
[20260508 18:03:09] CutOff: 20260508 18:02:59
[20260508 18:03:09] Created task #98 
[20260508 18:03:19] CutOff: 20260508 18:03:09
[20260508 18:03:19] Created task #99 
[20260508 18:03:29] CutOff: 20260508 18:03:19
[20260508 18:03:29] Created task #100 
[20260508 18:03:39] CutOff: 20260508 18:03:29
[20260508 18:03:39] Created task #101 
[20260508 18:03:49] CutOff: 20260508 18:03:39
[20260508 18:03:49] Created task #102 
[20260508 18:03:59] CutOff: 20260508 18:03:49
[20260508 18:03:59] Created task #103 
[20260508 18:04:09] CutOff: 20260508 18:03:59
[20260508 18:04:09] Created task #104 
[20260508 18:04:19] CutOff: 20260508 18:04:09
[20260508 18:04:19] Created task #105 
[20260508 18:04:29] CutOff: 20260508 18:04:19
[20260508 18:04:29] Created task #106 
[20260508 18:04:39] CutOff: 20260508 18:04:29
[20260508 18:04:39] Created task #107 
[20260508 18:04:49] CutOff: 20260508 18:04:39
[20260508 18:04:49] Created task #108 
[20260508 18:04:59] CutOff: 20260508 18:04:49
[20260508 18:04:59] Created task #109 
[20260508 18:05:09] CutOff: 20260508 18:04:59
[20260508 18:05:09] Created task #110 
[20260508 18:05:19] CutOff: 20260508 18:05:09
[20260508 18:05:19] Created task #111 
[20260508 18:05:29] CutOff: 20260508 18:05:19
[20260508 18:05:29] Created task #112 
[20260508 18:05:39] CutOff: 20260508 18:05:29
[20260508 18:05:39] Created task #113 
[20260508 18:05:49] CutOff: 20260508 18:05:39
[20260508 18:05:49] Created task #114 
[20260508 18:05:59] CutOff: 20260508 18:05:49
[20260508 18:05:59] Created task #115 
[20260508 18:06:09] CutOff: 20260508 18:05:59
[20260508 18:06:09] Created task #116 
[20260508 18:06:19] CutOff: 20260508 18:06:09
[20260508 18:06:19] Created task #117 
[20260508 18:06:29] CutOff: 20260508 18:06:19

Warning: SQLite3Stmt::execute(): Unable to execute statement: database is locked in F:\soft\_Marvin\www\marvin\cron.php on line 70

Call Stack:
    0.0004     176872   1. {main}() F:\soft\_Marvin\www\marvin\cron.php:0
  771.2877     185048   2. createTask() F:\soft\_Marvin\www\marvin\cron.php:180
  771.2878     186608   3. SQLite3Stmt->execute() F:\soft\_Marvin\www\marvin\cron.php:70

[20260508 18:06:29] Created task #0 
[20260508 18:06:45] CutOff: 20260508 18:06:35
[20260508 18:06:45] Created task #118 
[20260508 18:06:55] CutOff: 20260508 18:06:45
[20260508 18:06:55] Created task #119 
[20260508 18:07:05] CutOff: 20260508 18:06:55
[20260508 18:07:05] Created task #120 
[20260508 18:07:15] CutOff: 20260508 18:07:05
[20260508 18:07:15] Created task #121 
[20260508 18:07:25] CutOff: 20260508 18:07:15
[20260508 18:07:25] Created task #122 
[20260508 18:07:35] CutOff: 20260508 18:07:25
[20260508 18:07:35] Created task #123 
[20260508 18:07:45] CutOff: 20260508 18:07:35
[20260508 18:07:45] Created task #124 
[20260508 18:07:55] CutOff: 20260508 18:07:45
[20260508 18:07:55] Created task #125 
[20260508 18:08:05] CutOff: 20260508 18:07:55
[20260508 18:08:05] Created task #126 
[20260508 18:08:15] CutOff: 20260508 18:08:05
[20260508 18:08:15] Created task #127 
[20260508 18:08:25] CutOff: 20260508 18:08:15
[20260508 18:08:25] Created task #128 
[20260508 18:08:35] CutOff: 20260508 18:08:25
[20260508 18:08:35] Created task #129 
[20260508 18:08:45] CutOff: 20260508 18:08:35
[20260508 18:08:45] Created task #130 
[20260508 18:08:55] CutOff: 20260508 18:08:45
[20260508 18:08:55] Created task #131 
[20260508 18:09:05] CutOff: 20260508 18:08:55
[20260508 18:09:05] Created task #132 
[20260508 18:09:15] CutOff: 20260508 18:09:05
[20260508 18:09:15] Created task #133 
[20260508 18:09:25] CutOff: 20260508 18:09:15
[20260508 18:09:25] Created task #134 
[20260508 18:09:35] CutOff: 20260508 18:09:25
[20260508 18:09:35] Created task #135 
[20260508 18:09:45] CutOff: 20260508 18:09:35
[20260508 18:09:45] Created task #136 
[20260508 18:09:55] CutOff: 20260508 18:09:45
[20260508 18:09:55] Created task #137 
[20260508 18:10:05] CutOff: 20260508 18:09:55
[20260508 18:10:05] Created task #138 
[20260508 18:10:15] CutOff: 20260508 18:10:05
[20260508 18:10:15] Created task #139 
[20260508 18:10:25] CutOff: 20260508 18:10:15
[20260508 18:10:25] Created task #140 
[20260508 18:10:35] CutOff: 20260508 18:10:25
[20260508 18:10:35] Created task #141 
[20260508 18:16:19] Cron Started
[20260508 18:16:19] CutOff: 20260508 18:16:09
[20260508 18:16:19] About to close
[20260508 18:16:49] CutOff: 20260508 18:16:39
DELETE FROM AssetsChanges WHERE changeId IN (128)[20260508 18:16:49] About to close
[20260508 18:17:19] CutOff: 20260508 18:17:09
[20260508 18:17:29] CutOff: 20260508 18:17:19
[20260508 18:17:39] CutOff: 20260508 18:17:29
DELETE FROM AssetsChanges WHERE changeId IN (129)[20260508 18:17:39] About to close
[20260508 18:18:09] Cron complete
[20260508 18:18:23] Cron Started
[20260508 18:18:23] CutOff: 20260508 18:18:13
[20260508 18:18:23] About to close
[20260508 18:18:53] Cron complete
[20260508 18:19:20] Cron Started
[20260508 18:19:20] CutOff: 20260508 18:19:10
[20260508 18:19:20] About to close
[20260508 18:19:50] Cron complete
[20260508 18:20:01] Cron Started
[20260508 18:20:01] CutOff: 20260508 18:19:51
[20260508 18:20:01] About to close
[20260508 18:20:31] Cron complete
[20260508 18:20:49] Cron Started
[20260508 18:20:49] CutOff: 20260508 18:20:39
[20260508 18:20:49] About to close
[20260508 18:21:19] Cron complete
[20260508 18:21:28] Cron Started
[20260508 18:21:28] CutOff: 20260508 18:21:18
[20260508 18:21:28] About to close
[20260508 18:21:58] Cron complete
[20260508 18:22:30] Cron Started
[20260508 18:22:30] CutOff: 20260508 18:22:20
[20260508 18:22:30] About to close
[20260508 18:23:00] Cron complete
[20260508 18:23:37] Cron Started
[20260508 18:23:37] CutOff: 20260508 18:23:27
[20260508 18:23:37] About to close
[20260508 18:24:07] Cron complete
[20260508 18:24:39] Cron Started
[20260508 18:24:39] CutOff: 20260508 18:24:29
[20260508 18:24:39] About to close
[20260508 18:25:09] Cron complete
[20260508 18:25:23] Cron Started
[20260508 18:25:23] CutOff: 20260508 18:25:13
[20260508 18:25:23] About to close
[20260508 18:25:53] Cron complete
[20260508 18:26:19] Cron Started
[20260508 18:26:19] CutOff: 20260508 18:26:09
[20260508 18:26:19] About to close
[20260508 18:26:49] Cron complete
[20260508 18:27:39] Cron Started
[20260508 18:27:39] CutOff: 20260508 18:27:29
[20260508 18:27:39] About to close
[20260508 18:28:09] Cron complete
[20260508 18:28:41] Cron Started
[20260508 18:28:41] CutOff: 20260508 18:28:31
[20260508 18:28:41] About to close
[20260508 18:29:11] Cron complete
[20260508 18:30:04] Cron Started
[20260508 18:30:04] CutOff: 20260508 18:29:54
[20260508 18:30:04] About to close
[20260508 18:30:34] Cron complete
[20260508 18:30:45] Cron Started
[20260508 18:30:45] CutOff: 20260508 18:30:35
[20260508 18:30:45] About to close
[20260508 18:31:15] Cron complete
[20260508 18:31:24] Cron Started
[20260508 18:31:24] CutOff: 20260508 18:31:14
[20260508 18:31:24] About to close
[20260508 18:31:54] Cron complete
[20260508 18:32:17] Cron Started
[20260508 18:32:17] CutOff: 20260508 18:32:07
[20260508 18:32:17] About to close
[20260508 18:32:47] Cron complete
[20260508 18:33:08] Cron Started
[20260508 18:33:08] CutOff: 20260508 18:32:58
[20260508 18:33:08] About to close
[20260508 18:33:38] Cron complete
[20260508 18:34:28] Cron Started
[20260508 18:34:29] CutOff: 20260508 18:34:19
[20260508 18:34:29] About to close
[20260508 18:34:59] Cron complete
[20260508 18:35:21] Cron Started
[20260508 18:35:21] CutOff: 20260508 18:35:11
[20260508 18:35:21] About to close
[20260508 18:35:51] Cron complete
[20260508 18:35:57] Cron Started
[20260508 18:35:57] CutOff: 20260508 18:35:47
[20260508 18:35:57] About to close
[20260508 18:36:27] Cron complete
[20260508 18:36:29] Cron Started
[20260508 18:36:29] CutOff: 20260508 18:36:19
[20260508 18:36:29] About to close
[20260508 18:36:59] Cron complete
[20260508 18:37:00] Cron Started
[20260508 18:37:00] CutOff: 20260508 18:36:50
[20260508 18:37:00] About to close
[20260508 18:37:30] Cron complete
[20260508 18:37:33] Cron Started
[20260508 18:37:33] CutOff: 20260508 18:37:23
[20260508 18:37:33] About to close
[20260508 18:38:03] Cron complete
[20260508 18:38:05] Cron Started
[20260508 18:38:05] CutOff: 20260508 18:37:55
[20260508 18:38:05] About to close
[20260508 18:38:35] Cron complete
[20260508 18:43:11] Cron Started
[20260508 18:43:11] CutOff: 20260508 18:43:01
[20260508 18:43:11] About to close
[20260508 18:43:41] Cron complete
[20260508 18:46:24] Cron Started
[20260508 18:46:24] CutOff: 20260508 18:46:14
[20260508 18:46:24] About to close
[20260508 18:46:54] Cron complete
[20260508 18:48:39] Cron Started
[20260508 18:48:39] CutOff: 20260508 18:48:29
[20260508 18:48:39] About to close
[20260508 18:49:09] Cron complete
[20260508 18:49:33] Cron Started
[20260508 18:49:33] CutOff: 20260508 18:49:23
[20260508 18:49:33] About to close
[20260508 18:50:03] Cron complete
[20260508 18:50:25] Cron Started
[20260508 18:50:25] CutOff: 20260508 18:50:15
[20260508 18:50:25] About to close
[20260508 18:50:55] Cron complete
[20260508 18:51:20] Cron Started
[20260508 18:51:20] CutOff: 20260508 18:51:10
[20260508 18:51:20] About to close
[20260508 18:51:50] Cron complete
[20260508 18:56:34] Cron Started
[20260508 18:56:34] CutOff: 20260508 18:56:24
[20260508 18:56:34] About to close
[20260508 18:57:04] Cron complete
[20260508 18:57:14] Cron Started
[20260508 18:57:14] CutOff: 20260508 18:57:04
[20260508 18:57:14] About to close
[20260508 18:57:44] Cron complete
